<?xml version="1.0" encoding="UTF-8"?>
<!-- Generated by org.testng.reporters.JUnitReportReporter -->
<testsuite hostname="Sudha" failures="0" tests="1" name="com.Runner.FailedTestRunner" time="6.291" errors="0" timestamp="2024-10-23T15:16:31 EDT" skipped="0">
  <testcase classname="com.Runner.FailedTestRunner" name="runScenario" time="6.291"/>
</testsuite> <!-- com.Runner.FailedTestRunner -->
